<?xml version="1.0" encoding="UTF-8" ?>
<testsuite tests="3" failures="1" name="TrainClasses.StationNetworkTest" time="0.001" errors="0" skipped="0">
  <properties>
    <property name="idea.version" value="2018.1.5"/>
    <property name="java.runtime.name" value="Java(TM) SE Runtime Environment"/>
    <property name="sun.boot.library.path" value="C:\Program Files\Java\jdk1.8.0_151\jre\bin"/>
    <property name="java.vm.version" value="25.151-b12"/>
    <property name="java.vm.vendor" value="Oracle Corporation"/>
    <property name="maven.multiModuleProjectDirectory" value="C:\Users\mAniaK\Desktop\mAniaK\Escola\ESINF\TrainLineManagerV2"/>
    <property name="java.vendor.url" value="http://java.oracle.com/"/>
    <property name="path.separator" value=";"/>
    <property name="guice.disable.misplaced.annotation.check" value="true"/>
    <property name="java.vm.name" value="Java HotSpot(TM) 64-Bit Server VM"/>
    <property name="file.encoding.pkg" value="sun.io"/>
    <property name="user.script" value=""/>
    <property name="user.country" value="PT"/>
    <property name="sun.java.launcher" value="SUN_STANDARD"/>
    <property name="sun.os.patch.level" value=""/>
    <property name="java.vm.specification.name" value="Java Virtual Machine Specification"/>
    <property name="user.dir" value="C:\Users\mAniaK\Desktop\mAniaK\Escola\ESINF\TrainLineManagerV2"/>
    <property name="java.runtime.version" value="1.8.0_151-b12"/>
    <property name="java.awt.graphicsenv" value="sun.awt.Win32GraphicsEnvironment"/>
    <property name="java.endorsed.dirs" value="C:\Program Files\Java\jdk1.8.0_151\jre\lib\endorsed"/>
    <property name="os.arch" value="amd64"/>
    <property name="java.io.tmpdir" value="C:\Users\mAniaK\AppData\Local\Temp\"/>
    <property name="line.separator" value="
"/>
    <property name="java.vm.specification.vendor" value="Oracle Corporation"/>
    <property name="user.variant" value=""/>
    <property name="os.name" value="Windows 10"/>
    <property name="classworlds.conf" value="C:\Program Files\JetBrains\IntelliJ IDEA 2018.1.5\plugins\maven\lib\maven3\bin\m2.conf"/>
    <property name="sun.jnu.encoding" value="Cp1252"/>
    <property name="java.library.path" value="C:\Program Files\Java\jdk1.8.0_151\bin;C:\WINDOWS\Sun\Java\bin;C:\WINDOWS\system32;C:\WINDOWS;C:\ProgramData\Oracle\Java\javapath;C:\Program Files (x86)\NVIDIA Corporation\PhysX\Common;C:\Program Files (x86)\Razer Chroma SDK\bin;C:\Program Files\Razer Chroma SDK\bin;C:\Windows\system32;C:\Windows;C:\Windows\System32\Wbem;C:\Windows\System32\WindowsPowerShell\v1.0\;C:\Windows\system32\config\systemprofile\AppData\Local\Microsoft\WindowsApps;C:\WINDOWS\system32;C:\WINDOWS;C:\WINDOWS\System32\Wbem;C:\WINDOWS\System32\WindowsPowerShell\v1.0\;C:\Program Files\Git\cmd;C:\WINDOWS\System32\OpenSSH\;C:\Users\mAniaK\AppData\Local\Microsoft\WindowsApps;C:\Users\mAniaK\AppData\Local\atom\bin;C:\Users\mAniaK\AppData\Local\Microsoft\WindowsApps;."/>
    <property name="java.specification.name" value="Java Platform API Specification"/>
    <property name="java.class.version" value="52.0"/>
    <property name="sun.management.compiler" value="HotSpot 64-Bit Tiered Compilers"/>
    <property name="os.version" value="10.0"/>
    <property name="user.home" value="C:\Users\mAniaK"/>
    <property name="user.timezone" value="Europe/London"/>
    <property name="java.awt.printerjob" value="sun.awt.windows.WPrinterJob"/>
    <property name="java.specification.version" value="1.8"/>
    <property name="file.encoding" value="UTF-8"/>
    <property name="user.name" value="mAniaK"/>
    <property name="java.class.path" value="C:\Program Files\JetBrains\IntelliJ IDEA 2018.1.5\plugins\maven\lib\maven3\boot\plexus-classworlds-2.5.2.jar;C:\Program Files\JetBrains\IntelliJ IDEA 2018.1.5\lib\idea_rt.jar"/>
    <property name="java.vm.specification.version" value="1.8"/>
    <property name="sun.arch.data.model" value="64"/>
    <property name="java.home" value="C:\Program Files\Java\jdk1.8.0_151\jre"/>
    <property name="sun.java.command" value="org.codehaus.classworlds.Launcher -Didea.version=2018.1.5 test -f pom.xml"/>
    <property name="java.specification.vendor" value="Oracle Corporation"/>
    <property name="user.language" value="pt"/>
    <property name="awt.toolkit" value="sun.awt.windows.WToolkit"/>
    <property name="java.vm.info" value="mixed mode"/>
    <property name="java.version" value="1.8.0_151"/>
    <property name="java.ext.dirs" value="C:\Program Files\Java\jdk1.8.0_151\jre\lib\ext;C:\WINDOWS\Sun\Java\lib\ext"/>
    <property name="sun.boot.class.path" value="C:\Program Files\Java\jdk1.8.0_151\jre\lib\resources.jar;C:\Program Files\Java\jdk1.8.0_151\jre\lib\rt.jar;C:\Program Files\Java\jdk1.8.0_151\jre\lib\sunrsasign.jar;C:\Program Files\Java\jdk1.8.0_151\jre\lib\jsse.jar;C:\Program Files\Java\jdk1.8.0_151\jre\lib\jce.jar;C:\Program Files\Java\jdk1.8.0_151\jre\lib\charsets.jar;C:\Program Files\Java\jdk1.8.0_151\jre\lib\jfr.jar;C:\Program Files\Java\jdk1.8.0_151\jre\classes"/>
    <property name="java.vendor" value="Oracle Corporation"/>
    <property name="maven.home" value="C:\Program Files\JetBrains\IntelliJ IDEA 2018.1.5\plugins\maven\lib\maven3"/>
    <property name="file.separator" value="\"/>
    <property name="java.vendor.url.bug" value="http://bugreport.sun.com/bugreport/"/>
    <property name="sun.cpu.endian" value="little"/>
    <property name="sun.io.unicode.encoding" value="UnicodeLittle"/>
    <property name="sun.desktop" value="windows"/>
    <property name="sun.cpu.isalist" value="amd64"/>
  </properties>
  <testcase classname="TrainClasses.StationNetworkTest" name="isConexoRetursConexo" time="0"/>
  <testcase classname="TrainClasses.StationNetworkTest" name="read" time="0.001">
    <failure message="expected:&lt;Graph: 12 vertices, 18 edges
Station{name=&apos;A&apos;, code=&apos;1&apos;, latitude=0.0, longitude=0.0} (0): 
      (Central) - Station{name=&apos;A&apos;, code=&apos;Central&apos;, latitude=2.0, longitude=3.31}
      (1) - 5.0 - Station{name=&apos;B&apos;, code=&apos;1&apos;, latitude=0.0, longitude=0.0}
      (1) - 3.0 - Station{name=&apos;C&apos;, code=&apos;1&apos;, latitude=0.0, longitude=0.0}

Station{name=&apos;A&apos;, code=&apos;Central&apos;, latitude=2.0, longitude=3.31} (1): 
      (Central) - Station{name=&apos;A&apos;, code=&apos;1&apos;, latitude=0.0, longitude=0.0}

Station{name=&apos;B&apos;, code=&apos;1&apos;, latitude=0.0, longitude=0.0} (2): 
      (Central) - Station{name=&apos;B&apos;, code=&apos;Central&apos;, latitude=5.33, longitude=6.66}
      (1) - 8.0 - Station{name=&apos;A&apos;, code=&apos;1&apos;, latitude=0.0, longitude=0.0}

Station{name=&apos;B&apos;, code=&apos;Central&apos;, latitude=5.33, longitude=6.66} (3): 
      (Central) - Station{name=&apos;B&apos;, code=&apos;1&apos;, latitude=0.0, longitude=0.0}

Station{name=&apos;C&apos;, code=&apos;1&apos;, latitude=0.0, longitude=0.0} (4): 
      (Central) - Station{name=&apos;C&apos;, code=&apos;Central&apos;, latitude=8.1, longitude=9.9}

Station{name=&apos;C&apos;, code=&apos;Central&apos;, latitude=8.1, longitude=9.9} (5): 
      (Central) - Station{name=&apos;C&apos;, code=&apos;1&apos;, latitude=0.0, longitude=0.0}

Station{name=&apos;D&apos;, code=&apos;2&apos;, latitude=0.0, longitude=0.0} (6): 
      (Central) - Station{name=&apos;D&apos;, code=&apos;Central&apos;, latitude=14.0, longitude=22.0}
      (2) - 2.0 - Station{name=&apos;E&apos;, code=&apos;2&apos;, latitude=0.0, longitude=0.0}

Station{name=&apos;D&apos;, code=&apos;Central&apos;, latitude=14.0, longitude=22.0} (7): 
      (Central) - Station{name=&apos;D&apos;, code=&apos;2&apos;, latitude=0.0, longitude=0.0}

Station{name=&apos;E&apos;, code=&apos;2&apos;, latitude=0.0, longitude=0.0} (8): 
      (Central) - Station{name=&apos;E&apos;, code=&apos;Central&apos;, latitude=123.0, longitude=2.5}
      (2) - 4.0 - Station{name=&apos;F&apos;, code=&apos;2&apos;, latitude=0.0, longitude=0.0}

Station{name=&apos;E&apos;, code=&apos;Central&apos;, latitude=123.0, longitude=2.5} (9): 
      (Central) - Station{name=&apos;E&apos;, code=&apos;2&apos;, latitude=0.0, longitude=0.0}

Station{name=&apos;F&apos;, code=&apos;2&apos;, latitude=0.0, longitude=0.0} (10): 
      (Central) - Station{name=&apos;F&apos;, code=&apos;Central&apos;, latitude=8.1, longitude=9.2}
      (2) - 2.0 - Station{name=&apos;D&apos;, code=&apos;2&apos;, latitude=0.0, longitude=0.0}

Station{name=&apos;F&apos;, code=&apos;Central&apos;, latitude=8.1, longitude=9.2} (11): 
      (Central) - Station{name=&apos;F&apos;, code=&apos;2&apos;, latitude=0.0, longitude=0.0}

&gt; but was:&lt;Graph: 12 vertices, 12 edges
Station{name=&apos;A&apos;, code=&apos;Central&apos;, latitude=2.0, longitude=3.31} (0): 
      (Central) - Station{name=&apos;A&apos;, code=&apos;1&apos;, latitude=0.0, longitude=0.0}

Station{name=&apos;B&apos;, code=&apos;Central&apos;, latitude=5.33, longitude=6.66} (1): 
      (Central) - Station{name=&apos;B&apos;, code=&apos;1&apos;, latitude=0.0, longitude=0.0}

Station{name=&apos;C&apos;, code=&apos;Central&apos;, latitude=8.1, longitude=9.9} (2): 
      (Central) - Station{name=&apos;C&apos;, code=&apos;1&apos;, latitude=0.0, longitude=0.0}

Station{name=&apos;D&apos;, code=&apos;Central&apos;, latitude=14.0, longitude=22.0} (3): 
      (Central) - Station{name=&apos;D&apos;, code=&apos;2&apos;, latitude=0.0, longitude=0.0}

Station{name=&apos;E&apos;, code=&apos;Central&apos;, latitude=123.0, longitude=2.5} (4): 
      (Central) - Station{name=&apos;E&apos;, code=&apos;2&apos;, latitude=0.0, longitude=0.0}

Station{name=&apos;F&apos;, code=&apos;Central&apos;, latitude=8.1, longitude=9.2} (5): 
      (Central) - Station{name=&apos;F&apos;, code=&apos;2&apos;, latitude=0.0, longitude=0.0}

Station{name=&apos;A&apos;, code=&apos;1&apos;, latitude=0.0, longitude=0.0} (6): 
      (1) - 5.0 - Station{name=&apos;B&apos;, code=&apos;1&apos;, latitude=0.0, longitude=0.0}
      (1) - 3.0 - Station{name=&apos;C&apos;, code=&apos;1&apos;, latitude=0.0, longitude=0.0}

Station{name=&apos;B&apos;, code=&apos;1&apos;, latitude=0.0, longitude=0.0} (7): 
      (1) - 8.0 - Station{name=&apos;A&apos;, code=&apos;1&apos;, latitude=0.0, longitude=0.0}

Station{name=&apos;C&apos;, code=&apos;1&apos;, latitude=0.0, longitude=0.0} (8): 

Station{name=&apos;D&apos;, code=&apos;2&apos;, latitude=0.0, longitude=0.0} (9): 
      (1) - 2.0 - Station{name=&apos;E&apos;, code=&apos;2&apos;, latitude=0.0, longitude=0.0}

Station{name=&apos;E&apos;, code=&apos;2&apos;, latitude=0.0, longitude=0.0} (10): 
      (1) - 4.0 - Station{name=&apos;F&apos;, code=&apos;2&apos;, latitude=0.0, longitude=0.0}

Station{name=&apos;F&apos;, code=&apos;2&apos;, latitude=0.0, longitude=0.0} (11): 
      (1) - 2.0 - Station{name=&apos;D&apos;, code=&apos;2&apos;, latitude=0.0, longitude=0.0}

&gt;" type="java.lang.AssertionError">java.lang.AssertionError: expected:&lt;Graph: 12 vertices, 18 edges
Station{name=&apos;A&apos;, code=&apos;1&apos;, latitude=0.0, longitude=0.0} (0): 
      (Central) - Station{name=&apos;A&apos;, code=&apos;Central&apos;, latitude=2.0, longitude=3.31}
      (1) - 5.0 - Station{name=&apos;B&apos;, code=&apos;1&apos;, latitude=0.0, longitude=0.0}
      (1) - 3.0 - Station{name=&apos;C&apos;, code=&apos;1&apos;, latitude=0.0, longitude=0.0}

Station{name=&apos;A&apos;, code=&apos;Central&apos;, latitude=2.0, longitude=3.31} (1): 
      (Central) - Station{name=&apos;A&apos;, code=&apos;1&apos;, latitude=0.0, longitude=0.0}

Station{name=&apos;B&apos;, code=&apos;1&apos;, latitude=0.0, longitude=0.0} (2): 
      (Central) - Station{name=&apos;B&apos;, code=&apos;Central&apos;, latitude=5.33, longitude=6.66}
      (1) - 8.0 - Station{name=&apos;A&apos;, code=&apos;1&apos;, latitude=0.0, longitude=0.0}

Station{name=&apos;B&apos;, code=&apos;Central&apos;, latitude=5.33, longitude=6.66} (3): 
      (Central) - Station{name=&apos;B&apos;, code=&apos;1&apos;, latitude=0.0, longitude=0.0}

Station{name=&apos;C&apos;, code=&apos;1&apos;, latitude=0.0, longitude=0.0} (4): 
      (Central) - Station{name=&apos;C&apos;, code=&apos;Central&apos;, latitude=8.1, longitude=9.9}

Station{name=&apos;C&apos;, code=&apos;Central&apos;, latitude=8.1, longitude=9.9} (5): 
      (Central) - Station{name=&apos;C&apos;, code=&apos;1&apos;, latitude=0.0, longitude=0.0}

Station{name=&apos;D&apos;, code=&apos;2&apos;, latitude=0.0, longitude=0.0} (6): 
      (Central) - Station{name=&apos;D&apos;, code=&apos;Central&apos;, latitude=14.0, longitude=22.0}
      (2) - 2.0 - Station{name=&apos;E&apos;, code=&apos;2&apos;, latitude=0.0, longitude=0.0}

Station{name=&apos;D&apos;, code=&apos;Central&apos;, latitude=14.0, longitude=22.0} (7): 
      (Central) - Station{name=&apos;D&apos;, code=&apos;2&apos;, latitude=0.0, longitude=0.0}

Station{name=&apos;E&apos;, code=&apos;2&apos;, latitude=0.0, longitude=0.0} (8): 
      (Central) - Station{name=&apos;E&apos;, code=&apos;Central&apos;, latitude=123.0, longitude=2.5}
      (2) - 4.0 - Station{name=&apos;F&apos;, code=&apos;2&apos;, latitude=0.0, longitude=0.0}

Station{name=&apos;E&apos;, code=&apos;Central&apos;, latitude=123.0, longitude=2.5} (9): 
      (Central) - Station{name=&apos;E&apos;, code=&apos;2&apos;, latitude=0.0, longitude=0.0}

Station{name=&apos;F&apos;, code=&apos;2&apos;, latitude=0.0, longitude=0.0} (10): 
      (Central) - Station{name=&apos;F&apos;, code=&apos;Central&apos;, latitude=8.1, longitude=9.2}
      (2) - 2.0 - Station{name=&apos;D&apos;, code=&apos;2&apos;, latitude=0.0, longitude=0.0}

Station{name=&apos;F&apos;, code=&apos;Central&apos;, latitude=8.1, longitude=9.2} (11): 
      (Central) - Station{name=&apos;F&apos;, code=&apos;2&apos;, latitude=0.0, longitude=0.0}

&gt; but was:&lt;Graph: 12 vertices, 12 edges
Station{name=&apos;A&apos;, code=&apos;Central&apos;, latitude=2.0, longitude=3.31} (0): 
      (Central) - Station{name=&apos;A&apos;, code=&apos;1&apos;, latitude=0.0, longitude=0.0}

Station{name=&apos;B&apos;, code=&apos;Central&apos;, latitude=5.33, longitude=6.66} (1): 
      (Central) - Station{name=&apos;B&apos;, code=&apos;1&apos;, latitude=0.0, longitude=0.0}

Station{name=&apos;C&apos;, code=&apos;Central&apos;, latitude=8.1, longitude=9.9} (2): 
      (Central) - Station{name=&apos;C&apos;, code=&apos;1&apos;, latitude=0.0, longitude=0.0}

Station{name=&apos;D&apos;, code=&apos;Central&apos;, latitude=14.0, longitude=22.0} (3): 
      (Central) - Station{name=&apos;D&apos;, code=&apos;2&apos;, latitude=0.0, longitude=0.0}

Station{name=&apos;E&apos;, code=&apos;Central&apos;, latitude=123.0, longitude=2.5} (4): 
      (Central) - Station{name=&apos;E&apos;, code=&apos;2&apos;, latitude=0.0, longitude=0.0}

Station{name=&apos;F&apos;, code=&apos;Central&apos;, latitude=8.1, longitude=9.2} (5): 
      (Central) - Station{name=&apos;F&apos;, code=&apos;2&apos;, latitude=0.0, longitude=0.0}

Station{name=&apos;A&apos;, code=&apos;1&apos;, latitude=0.0, longitude=0.0} (6): 
      (1) - 5.0 - Station{name=&apos;B&apos;, code=&apos;1&apos;, latitude=0.0, longitude=0.0}
      (1) - 3.0 - Station{name=&apos;C&apos;, code=&apos;1&apos;, latitude=0.0, longitude=0.0}

Station{name=&apos;B&apos;, code=&apos;1&apos;, latitude=0.0, longitude=0.0} (7): 
      (1) - 8.0 - Station{name=&apos;A&apos;, code=&apos;1&apos;, latitude=0.0, longitude=0.0}

Station{name=&apos;C&apos;, code=&apos;1&apos;, latitude=0.0, longitude=0.0} (8): 

Station{name=&apos;D&apos;, code=&apos;2&apos;, latitude=0.0, longitude=0.0} (9): 
      (1) - 2.0 - Station{name=&apos;E&apos;, code=&apos;2&apos;, latitude=0.0, longitude=0.0}

Station{name=&apos;E&apos;, code=&apos;2&apos;, latitude=0.0, longitude=0.0} (10): 
      (1) - 4.0 - Station{name=&apos;F&apos;, code=&apos;2&apos;, latitude=0.0, longitude=0.0}

Station{name=&apos;F&apos;, code=&apos;2&apos;, latitude=0.0, longitude=0.0} (11): 
      (1) - 2.0 - Station{name=&apos;D&apos;, code=&apos;2&apos;, latitude=0.0, longitude=0.0}

&gt;
	at org.junit.Assert.fail(Assert.java:88)
	at org.junit.Assert.failNotEquals(Assert.java:834)
	at org.junit.Assert.assertEquals(Assert.java:118)
	at org.junit.Assert.assertEquals(Assert.java:144)
	at TrainClasses.StationNetworkTest.read(StationNetworkTest.java:74)
	at sun.reflect.NativeMethodAccessorImpl.invoke0(Native Method)
	at sun.reflect.NativeMethodAccessorImpl.invoke(NativeMethodAccessorImpl.java:62)
	at sun.reflect.DelegatingMethodAccessorImpl.invoke(DelegatingMethodAccessorImpl.java:43)
	at java.lang.reflect.Method.invoke(Method.java:498)
	at org.junit.runners.model.FrameworkMethod$1.runReflectiveCall(FrameworkMethod.java:50)
	at org.junit.internal.runners.model.ReflectiveCallable.run(ReflectiveCallable.java:12)
	at org.junit.runners.model.FrameworkMethod.invokeExplosively(FrameworkMethod.java:47)
	at org.junit.internal.runners.statements.InvokeMethod.evaluate(InvokeMethod.java:17)
	at org.junit.runners.ParentRunner.runLeaf(ParentRunner.java:325)
	at org.junit.runners.BlockJUnit4ClassRunner.runChild(BlockJUnit4ClassRunner.java:78)
	at org.junit.runners.BlockJUnit4ClassRunner.runChild(BlockJUnit4ClassRunner.java:57)
	at org.junit.runners.ParentRunner$3.run(ParentRunner.java:290)
	at org.junit.runners.ParentRunner$1.schedule(ParentRunner.java:71)
	at org.junit.runners.ParentRunner.runChildren(ParentRunner.java:288)
	at org.junit.runners.ParentRunner.access$000(ParentRunner.java:58)
	at org.junit.runners.ParentRunner$2.evaluate(ParentRunner.java:268)
	at org.junit.runners.ParentRunner.run(ParentRunner.java:363)
	at org.apache.maven.surefire.junit4.JUnit4Provider.execute(JUnit4Provider.java:252)
	at org.apache.maven.surefire.junit4.JUnit4Provider.executeTestSet(JUnit4Provider.java:141)
	at org.apache.maven.surefire.junit4.JUnit4Provider.invoke(JUnit4Provider.java:112)
	at sun.reflect.NativeMethodAccessorImpl.invoke0(Native Method)
	at sun.reflect.NativeMethodAccessorImpl.invoke(NativeMethodAccessorImpl.java:62)
	at sun.reflect.DelegatingMethodAccessorImpl.invoke(DelegatingMethodAccessorImpl.java:43)
	at java.lang.reflect.Method.invoke(Method.java:498)
	at org.apache.maven.surefire.util.ReflectionUtils.invokeMethodWithArray(ReflectionUtils.java:189)
	at org.apache.maven.surefire.booter.ProviderFactory$ProviderProxy.invoke(ProviderFactory.java:165)
	at org.apache.maven.surefire.booter.ProviderFactory.invokeProvider(ProviderFactory.java:85)
	at org.apache.maven.surefire.booter.ForkedBooter.runSuitesInProcess(ForkedBooter.java:115)
	at org.apache.maven.surefire.booter.ForkedBooter.main(ForkedBooter.java:75)
</failure>
  </testcase>
  <testcase classname="TrainClasses.StationNetworkTest" name="isConexoReturnsNotConexo" time="0"/>
</testsuite>